G99-TS300: START
G99-TS300-LOG2: TID = 1, task0 entering
G99-TS300-LOG: Test[0]-[0]: task0: creating a HIGH prio task that runs task1 function.
G99-TS300-LOG: Test[0]-[0]: result = 1.
G99-TS300-LOG: Test[0]-[1]: task0: creating a HIGH prio task that runs task2 function.
G99-TS300-LOG: Test[0]-[1]: result = 1.
G99-TS300-LOG: Test[0]-[2]: task0: creating a MEDIUM prio task that runs task3 function.
G99-TS300-LOG: Test[0]-[2]: result = 1.
G99-TS300-LOG: Test[0]-[3]: task0: creating a LOW prio task that runs task4 function.
G99-TS300-LOG: Test[0]-[3]: result = 1.
G99-TS300-LOG2: TID = 1, task0: setting prio to LOW
task0: entering prio HIGH 
G99-TS300-LOG: Test[0]-[4]: task1: Sent msg.
G99-TS300-LOG: Test[0]-[4]: result = 1.
task2: entering prio HIGH 
task3: entering prio med 
task4: entering prio LOW 
G99-TS300-LOG: Test[0]-[5]: task2: Sent msg.
G99-TS300-LOG: Test[0]-[5]: result = 1.
G99-TS300-LOG: Test[0]-[6]: task3: Sent msg.
G99-TS300-LOG: Test[0]-[6]: result = 1.
G99-TS300-LOG: Test[0]-[7]: task0: Receiving msg.
G99-TS300-LOG: Test[0]-[7]: result = 1.
G99-TS300-LOG: Test[0]-[8]: task0: Receiving msg.
G99-TS300-LOG: Test[0]-[8]: result = 1.
G99-TS300-LOG: Test[0]-[9]: task0: Receiving msg.
G99-TS300-LOG: Test[0]-[9]: result = 1.
G99-TS300-LOG: Test[0]-[10]: task0: Receiving msg.
G99-TS300-LOG: Test[0]-[10]: result = 1.
G99-TS300-LOG: Test[0]-[11]: task4: Sent msg.
G99-TS300-LOG: Test[0]-[11]: result = 1.
G99-TS300-LOG: real exec order: 1 -> 2 -> 2 -> 3 -> 4 -> 5 -> 1 -> 3 -> 4 -> 1 -> 1 -> 1 -> 1 -> 5 -> 1 -> NIL
G99-TS300-LOG: expt exec order: 1 -> 2 -> 2 -> 3 -> 4 -> 5 -> 1 -> 3 -> 4 -> 1 -> 1 -> 1 -> 1 -> 5 -> 1 -> NIL
G99-TS300-LOG: Test[1]-[0]: checking execution shortfalls.
G99-TS300-LOG: Test[1]-[0]: result = 1.
G99-TS300-LOG: Test[1]-[1]: checking unexpected execution once.
G99-TS300-LOG: Test[1]-[1]: result = 1.
G99-TS300-LOG: Test[1]-[2]: checking unexpected execution twice.
G99-TS300-LOG: Test[1]-[2]: result = 1.
G99-TS300-LOG: Test[1]-[3]: checking correct number of executions.
G99-TS300-LOG: Test[1]-[3]: result = 1.
G99-TS300-LOG: Test[1]-[4]: checking execution sequence @ 0.
G99-TS300-LOG: Test[1]-[4]: result = 1.
G99-TS300-LOG: Test[1]-[5]: checking execution sequence @ 1.
G99-TS300-LOG: Test[1]-[5]: result = 1.
G99-TS300-LOG: Test[1]-[6]: checking execution sequence @ 2.
G99-TS300-LOG: Test[1]-[6]: result = 1.
G99-TS300-LOG: Test[1]-[7]: checking execution sequence @ 3.
G99-TS300-LOG: Test[1]-[7]: result = 1.
G99-TS300-LOG: Test[1]-[8]: checking execution sequence @ 4.
G99-TS300-LOG: Test[1]-[8]: result = 1.
G99-TS300-LOG: Test[1]-[9]: checking execution sequence @ 5.
G99-TS300-LOG: Test[1]-[9]: result = 1.
G99-TS300-LOG: Test[1]-[10]: checking execution sequence @ 6.
G99-TS300-LOG: Test[1]-[10]: result = 1.
G99-TS300-LOG: Test[1]-[11]: checking execution sequence @ 7.
G99-TS300-LOG: Test[1]-[11]: result = 1.
G99-TS300-LOG: Test[1]-[12]: checking execution sequence @ 8.
G99-TS300-LOG: Test[1]-[12]: result = 1.
G99-TS300-LOG: Test[1]-[13]: checking execution sequence @ 9.
G99-TS300-LOG: Test[1]-[13]: result = 1.
G99-TS300-LOG: Test[1]-[14]: checking execution sequence @ 10.
G99-TS300-LOG: Test[1]-[14]: result = 1.
G99-TS300-LOG: Test[1]-[15]: checking execution sequence @ 11.
G99-TS300-LOG: Test[1]-[15]: result = 1.
G99-TS300-LOG: Test[1]-[16]: checking execution sequence @ 12.
G99-TS300-LOG: Test[1]-[16]: result = 1.
G99-TS300-LOG: Test[1]-[17]: checking execution sequence @ 13.
G99-TS300-LOG: Test[1]-[17]: result = 1.
G99-TS300-LOG: Test[1]-[18]: checking execution sequence @ 14.
G99-TS300-LOG: Test[1]-[18]: result = 1.
G99-TS300: FINISHED
G99-TS300-LOG: Test 0: 12/12 PASSED. Expected = 0xFFF, result = 0xFFF
G99-TS300-LOG: Test 1: 19/19 PASSED. Expected = 0x7FFFF, result = 0x7FFFF
G99-TS300: 2/2 test function(s) COMPLETED.
G99-TS300: 31/31 tests PASSED.
G99-TS300: 0/31 tests FAILED.
G99-TS300: END

