=======RAM Target LOG - Wed Jun  8 08:50:05 EDT 2022 - ECESTAF71  ==========
g25 tested by G99_TS220
=~=~=~=~=~=~=~=~=~=~=~= PuTTY log 2022.06.08 08:50:11 =~=~=~=~=~=~=~=~=~=~=~=
G99-TS220: START
===== k_tsk_yield is called =====
G99-TS220-LOG2: TID = 1, priv_task1: starting test0
G99-TS220-LOG: Test[0]-[0]: creating a MEDIUM prio task that runs task1 function.
G99-TS220-LOG: Test[0]-[0]: result = 1.
G99-TS220-LOG: Test[0]-[1]: creating a HIGH prio task that runs priv_task2 function.
G99-TS220-LOG: Test[0]-[1]: result = 1.
G99-TS220-LOG: Test[0]-[2]: creating a MEDIUM prio task that runs priv_task3 function.
G99-TS220-LOG: Test[0]-[2]: result = 1.
G99-TS220-LOG: Test[0]-[3]: creating a MEDIUM prio task that runs task2 function.
G99-TS220-LOG: Test[0]-[3]: result = 1.
G99-TS220-LOG: Test[0]-[4]: creating a LOW prio task that runs task3 function.
G99-TS220-LOG: Test[0]-[4]: result = 1.
===== k_tsk_yield is called =====
G99-TS220-LOG: Test[0]-[5]: checking the output of tsk_get, tsk_get check number 1.
G99-TS220-LOG: Test[0]-[5]: result = 1.
G99-TS220-LOG: Test[0]-[6]: checking the output of tsk_get, tsk_get check number 2.
G99-TS220-LOG: Test[0]-[6]: result = 1.
G99-TS220-LOG: Test[0]-[7]: checking the output of tsk_get, tsk_get check number 4.
G99-TS220-LOG: Test[0]-[7]: result = 1.
G99-TS220-LOG: Test[0]-[8]: checking the output of tsk_get, tsk_get check number 5.
G99-TS220-LOG: Test[0]-[8]: result = 1.
G99-TS220-LOG: Test[0]-[9]: checking the output of tsk_get, tsk_get check number 6.
G99-TS220-LOG: Test[0]-[9]: result = 1.
G99-TS220-LOG: real exec order: 1 -> 4 -> 1 -> 3 -> 5 -> 6 -> 1 -> 7 -> 1 -> NIL
G99-TS220-LOG: expt exec order: 1 -> 4 -> 1 -> 3 -> 5 -> 6 -> 1 -> 7 -> 1 -> NIL
G99-TS220-LOG: Test[1]-[0]: checking execution shortfalls.
G99-TS220-LOG: Test[1]-[0]: result = 1.
G99-TS220-LOG: Test[1]-[1]: checking unexpected execution once.
G99-TS220-LOG: Test[1]-[1]: result = 1.
G99-TS220-LOG: Test[1]-[2]: checking unexpected execution twice.
G99-TS220-LOG: Test[1]-[2]: result = 1.
G99-TS220-LOG: Test[1]-[3]: checking correct number of executions.
G99-TS220-LOG: Test[1]-[3]: result = 1.
G99-TS220-LOG: Test[1]-[4]: checking execution sequence @ 0.
G99-TS220-LOG: Test[1]-[4]: result = 1.
G99-TS220-LOG: Test[1]-[5]: checking execution sequence @ 1.
G99-TS220-LOG: Test[1]-[5]: result = 1.
G99-TS220-LOG: Test[1]-[6]: checking execution sequence @ 2.
G99-TS220-LOG: Test[1]-[6]: result = 1.
G99-TS220-LOG: Test[1]-[7]: checking execution sequence @ 3.
G99-TS220-LOG: Test[1]-[7]: result = 1.
G99-TS220-LOG: Test[1]-[8]: checking execution sequence @ 4.
G99-TS220-LOG: Test[1]-[8]: result = 1.
G99-TS220-LOG: Test[1]-[9]: checking execution sequence @ 5.
G99-TS220-LOG: Test[1]-[9]: result = 1.
G99-TS220-LOG: Test[1]-[10]: checking execution sequence @ 6.
G99-TS220-LOG: Test[1]-[10]: result = 1.
G99-TS220-LOG: Test[1]-[11]: checking execution sequence @ 7.
G99-TS220-LOG: Test[1]-[11]: result = 1.
G99-TS220-LOG: Test[1]-[12]: checking execution sequence @ 8.
G99-TS220-LOG: Test[1]-[12]: result = 1.
G99-TS220: FINISHED
G99-TS220-LOG: Test 0: 10/10 PASSED. Expected = 0x3FF, result = 0x3FF
G99-TS220-LOG: Test 1: 13/13 PASSED. Expected = 0x1FFF, result = 0x1FFF
G99-TS220: 2/2 test function(s) COMPLETED.
G99-TS220: 23/23 tests PASSED.
G99-TS220: 0/23 tests FAILED.
G99-TS220: END
