G25-TS6: START
 
G25-TS6-LOG2: priv_task1: basic memory test on IRAM2
G25-TS6-LOG : Test[0]-[0]: Allocating 32 B in RAM 2.
G25-TS6-LOG : Test[0]-[0]: result = 1.
G25-TS6-LOG : Test[0]-[1]: Allocating 64 B in RAM 2.
G25-TS6-LOG : Test[0]-[1]: result = 1.
G25-TS6-LOG : Test[0]-[2]: Allocating 128 B in RAM 2.
G25-TS6-LOG : Test[0]-[2]: result = 1.
G25-TS6-LOG : Test[0]-[3]: Allocating 256 B in RAM 2.
G25-TS6-LOG : Test[0]-[3]: result = 1.
G25-TS6-LOG : Test[0]-[4]: Allocating 512 B in RAM 2.
G25-TS6-LOG : Test[0]-[4]: result = 1.
G25-TS6-LOG : Test[0]-[5]: Allocating 1024 B in RAM 2.
G25-TS6-LOG : Test[0]-[5]: result = 1.
G25-TS6-LOG : Test[0]-[6]: Allocating 2048 B in RAM 2.
G25-TS6-LOG : Test[0]-[6]: result = 1.
G25-TS6-LOG : Test[0]-[7]: Allocating 32 B in RAM 2.
G25-TS6-LOG : Test[0]-[7]: result = 1.
0 free memory block(s) found
G25-TS6-LOG : Test[0]-[8]: Check if mem is full aka return is 0.
G25-TS6-LOG : Test[0]-[8]: result = 1.
G25-TS6-LOG : Test[0]-[9]: Allocating 32 B in RAM 2 (SHOULD FAIL).
G25-TS6-LOG : Test[0]-[9]: result = 1.
0 free memory block(s) found
G25-TS6-LOG : Test[0]-[10]: Check if mem is still full aka return is 0.
G25-TS6-LOG : Test[0]-[10]: result = 1.
0x10007020: 0x10
1 free memory block(s) found
G25-TS6-LOG : Test[0]-[11]: Check mem_dump return value is one (aka only bottom node is avaible).
G25-TS6-LOG : Test[0]-[11]: result = 1.
0x10007000: 0x20
1 free memory block(s) found
G25-TS6-LOG : Test[0]-[12]: Check mem2_dump return value is one (aka only the main block is free).
G25-TS6-LOG : Test[0]-[12]: result = 1.
0x10007000: 0x40
1 free memory block(s) found
G25-TS6-LOG : Test[0]-[13]: Check mem2_dump return value is one (aka only the main block is free).
G25-TS6-LOG : Test[0]-[13]: result = 1.
0x10007000: 0x80
1 free memory block(s) found
G25-TS6-LOG : Test[0]-[14]: Check mem2_dump return value is one (aka only the main block is free).
G25-TS6-LOG : Test[0]-[14]: result = 1.
0x10007000: 0x100
1 free memory block(s) found
G25-TS6-LOG : Test[0]-[15]: Check mem2_dump return value is one (aka only the main block is free).
G25-TS6-LOG : Test[0]-[15]: result = 1.
0x10007000: 0x200
1 free memory block(s) found
G25-TS6-LOG : Test[0]-[16]: Check mem2_dump return value is one (aka only the main block is free).
G25-TS6-LOG : Test[0]-[16]: result = 1.
0x10007000: 0x400
1 free memory block(s) found
G25-TS6-LOG : Test[0]-[17]: Check mem2_dump return value is one (aka only the main block is free).
G25-TS6-LOG : Test[0]-[17]: result = 1.
0x10007000: 0x800
1 free memory block(s) found
G25-TS6-LOG : Test[0]-[18]: Check mem2_dump return value is one (aka only the main block is free).
G25-TS6-LOG : Test[0]-[18]: result = 1.
G25-TS6: FINISHED
G25-TS6-LOG : Test 0: 19/19 PASSED. Expected = 0x7FFFF, result = 0x7FFFF
G25-TS6: 1/1 test function(s) COMPLETED.
G25-TS6: 19/19 tests PASSED.
G25-TS6: 0/19 tests FAILED.
G25-TS6: END
