=======RAM Target LOG - Fri May 27 17:46:31 EDT 2022 - ECESTAF71  ==========
g25 tested by G99_TS120
=~=~=~=~=~=~=~=~=~=~=~= PuTTY log 2022.05.27 17:46:41 =~=~=~=~=~=~=~=~=~=~=~=
G99-TS120: START
G99-TS120-LOG2: priv_task1: basic memory test.
0 free memory block(s) found
G99-TS120-LOG : Test[0]-[0]: Allocating full size of the RAM.
G99-TS120-LOG : Test[0]-[0]: result = 1.
0x10007000: 0x800
1 free memory block(s) found
G99-TS120-LOG : Test[0]-[1]: deallocating the block from ram.
G99-TS120-LOG : Test[0]-[1]: result = 1.
G99-TS120-LOG : Test[0]-[2]: allocating different sizes with different fractions of the full size : 1/2 , 1/4 , 1/8 , 1/16 , 1/16 .
G99-TS120-LOG : Test[0]-[2]: result = 1.
0x10007000: 0x800
1 free memory block(s) found
G99-TS120-LOG : Test[0]-[3]: deallocating the previously requested in different order.
G99-TS120-LOG : Test[0]-[3]: result = 1.
0 free memory block(s) found
0x10007000: 0x800
1 free memory block(s) found
G99-TS120-LOG : Test[0]-[4]: alloc 16 blocks, 0x100 bytes each, then dealloc all blocks in reversed order.
G99-TS120-LOG : Test[0]-[4]: result = 1.
0 free memory block(s) found
0x10007000: 0x800
1 free memory block(s) found
G99-TS120-LOG : Test[0]-[5]: alloc 16 blocks, 0x100 bytes each, write to each block, then dealloc all blocks in reversed order.
G99-TS120-LOG : Test[0]-[5]: result = 1.
G99-TS120-LOG : Test[0]-[6]: alloc 5 blocks with different sizes.
G99-TS120-LOG : Test[0]-[6]: result = 1.
0x10007000: 0x800
1 free memory block(s) found
G99-TS120-LOG : Test[0]-[7]: alloc 5 blocks in different order from allocation.
G99-TS120-LOG : Test[0]-[7]: result = 1.
0 free memory block(s) found
G99-TS120-LOG : Test[1]-[0]: Allocating full size of the RAM.
G99-TS120-LOG : Test[1]-[0]: result = 1.
0x2007c000: 0x8000
1 free memory block(s) found
G99-TS120-LOG : Test[1]-[1]: deallocating the block from ram.
G99-TS120-LOG : Test[1]-[1]: result = 1.
G99-TS120-LOG : Test[1]-[2]: allocating different sizes with different fractions of the full size : 1/2 , 1/4 , 1/8 , 1/16 , 1/16 .
G99-TS120-LOG : Test[1]-[2]: result = 1.
0x2007c000: 0x8000
1 free memory block(s) found
G99-TS120-LOG : Test[1]-[3]: deallocating the previously requested in different order.
G99-TS120-LOG : Test[1]-[3]: result = 1.
0 free memory block(s) found
0x2007c000: 0x8000
1 free memory block(s) found
G99-TS120-LOG : Test[1]-[4]: alloc 16 blocks, 0x100 bytes each, then dealloc all blocks in reversed order.
G99-TS120-LOG : Test[1]-[4]: result = 1.
0 free memory block(s) found
0x2007c000: 0x8000
1 free memory block(s) found
G99-TS120-LOG : Test[1]-[5]: alloc 16 blocks, 0x100 bytes each, write to each block, then dealloc all blocks in reversed order.
G99-TS120-LOG : Test[1]-[5]: result = 1.
G99-TS120-LOG : Test[1]-[6]: alloc 5 blocks with different sizes.
G99-TS120-LOG : Test[1]-[6]: result = 1.
0x2007c000: 0x8000
1 free memory block(s) found
G99-TS120-LOG : Test[1]-[7]: alloc 5 blocks in different order from allocation.
G99-TS120-LOG : Test[1]-[7]: result = 1.
G99-TS120: FINISHED
G99-TS120-LOG : Test 0: 8/8 PASSED. Expected = 0xFF, result = 0xFF
G99-TS120-LOG : Test 1: 8/8 PASSED. Expected = 0xFF, result = 0xFF
G99-TS120: 2/2 test function(s) COMPLETED.
G99-TS120: 16/16 tests PASSED.
G99-TS120: 0/16 tests FAILED.
G99-TS120: END
