=======RAM Target LOG - Fri May 27 17:45:42 EDT 2022 - ECESTAF71  ==========
g25 tested by G99_TS110
=~=~=~=~=~=~=~=~=~=~=~= PuTTY log 2022.05.27 17:45:47 =~=~=~=~=~=~=~=~=~=~=~=
G99-TS110: START
G99-TS110-LOG2: priv_task1: basic memory test.
G99-TS110-LOG : Test[0]-[0]: Allocating the first half of the RAM + 1 and check for null return.
G99-TS110-LOG : Test[0]-[0]: result = 1.
G99-TS110-LOG : Test[0]-[1]: Allocating the first and second half of the RAM, check whether data is safe or not.
G99-TS110-LOG : Test[0]-[1]: result = 1.
0x10007800: 0x400
1 free memory block(s) found
G99-TS110-LOG : Test[0]-[2]: Deallocating and checking for the dump value.
G99-TS110-LOG : Test[0]-[2]: result = 1.
0x10007800: 0x400
1 free memory block(s) found
0x10007c00: 0x200
1 free memory block(s) found
0 free memory block(s) found
G99-TS110-LOG : Test[0]-[3]: Allocating the first half of the RAM, check whether data is safe or not.
G99-TS110-LOG : Test[0]-[3]: result = 1.
0x10007800: 0x200
1 free memory block(s) found
0x10007800: 0x400
1 free memory block(s) found
0x10007820: 0x10
0x10007840: 0x20
0x10007880: 0x40
0x10007900: 0x80
0x10007a00: 0x100
0x10007c00: 0x200
6 free memory block(s) found
0x10007840: 0x20
0x10007880: 0x40
0x10007900: 0x80
0x10007a00: 0x100
0x10007c00: 0x200
5 free memory block(s) found
0x10007820: 0x10
0x10007840: 0x20
0x10007880: 0x40
0x10007900: 0x80
0x10007a00: 0x100
0x10007c00: 0x200
6 free memory block(s) found
0x10007840: 0x20
0x10007880: 0x40
0x10007900: 0x80
0x10007a00: 0x100
0x10007c00: 0x200
5 free memory block(s) found
0x10007820: 0x10
0x10007840: 0x20
0x10007880: 0x40
0x10007900: 0x80
0x10007a00: 0x100
0x10007c00: 0x200
6 free memory block(s) found
0x10007820: 0x10
0x10007840: 0x20
0x10007880: 0x40
0x10007a00: 0x100
0x10007c00: 0x200
5 free memory block(s) found
0x10007820: 0x10
0x10007840: 0x20
0x10007880: 0x40
0x10007900: 0x80
0x10007a00: 0x100
0x10007c00: 0x200
6 free memory block(s) found
G99-TS110-LOG : Test[0]-[4]: Allocating and deallocating blocks, while checking the return value of dump ().
G99-TS110-LOG : Test[0]-[4]: result = 1.
G99-TS110-LOG : Test[0]-[5]: checking the values that we wrote to the memory before.
G99-TS110-LOG : Test[0]-[5]: result = 1.
G99-TS110-LOG : Test[1]-[0]: Allocating the first half of the RAM + 1 and check for null return.
G99-TS110-LOG : Test[1]-[0]: result = 1.
G99-TS110-LOG : Test[1]-[1]: Allocating the first and second half of the RAM, check whether data is safe or not.
G99-TS110-LOG : Test[1]-[1]: result = 1.
0x20080000: 0x4000
1 free memory block(s) found
G99-TS110-LOG : Test[1]-[2]: Deallocating and checking for the dump value.
G99-TS110-LOG : Test[1]-[2]: result = 1.
0x20080000: 0x4000
1 free memory block(s) found
0x20082000: 0x2000
1 free memory block(s) found
0 free memory block(s) found
G99-TS110-LOG : Test[1]-[3]: Allocating the first half of the RAM, check whether data is safe or not.
G99-TS110-LOG : Test[1]-[3]: result = 1.
0x20080000: 0x2000
1 free memory block(s) found
0x20080000: 0x4000
1 free memory block(s) found
0x20080020: 0x20
0x20080040: 0x40
0x20080080: 0x80
0x20080100: 0x100
0x20080200: 0x200
0x20080400: 0x400
0x20080800: 0x800
0x20081000: 0x1000
0x20082000: 0x2000
9 free memory block(s) found
0x20080040: 0x40
0x20080080: 0x80
0x20080100: 0x100
0x20080200: 0x200
0x20080400: 0x400
0x20080800: 0x800
0x20081000: 0x1000
0x20082000: 0x2000
8 free memory block(s) found
0x20080020: 0x20
0x20080040: 0x40
0x20080080: 0x80
0x20080100: 0x100
0x20080200: 0x200
0x20080400: 0x400
0x20080800: 0x800
0x20081000: 0x1000
0x20082000: 0x2000
9 free memory block(s) found
0x20080040: 0x40
0x20080080: 0x80
0x20080100: 0x100
0x20080200: 0x200
0x20080400: 0x400
0x20080800: 0x800
0x20081000: 0x1000
0x20082000: 0x2000
8 free memory block(s) found
0x20080020: 0x20
0x20080040: 0x40
0x20080080: 0x80
0x20080100: 0x100
0x20080200: 0x200
0x20080400: 0x400
0x20080800: 0x800
0x20081000: 0x1000
0x20082000: 0x2000
9 free memory block(s) found
0x20080020: 0x20
0x20080040: 0x40
0x20080080: 0x80
0x20080200: 0x200
0x20080400: 0x400
0x20080800: 0x800
0x20081000: 0x1000
0x20082000: 0x2000
8 free memory block(s) found
0x20080020: 0x20
0x20080040: 0x40
0x20080080: 0x80
0x20080100: 0x100
0x20080200: 0x200
0x20080400: 0x400
0x20080800: 0x800
0x20081000: 0x1000
0x20082000: 0x2000
9 free memory block(s) found
G99-TS110-LOG : Test[1]-[4]: Allocating and deallocating blocks, while checking the return value of dump ().
G99-TS110-LOG : Test[1]-[4]: result = 1.
G99-TS110-LOG : Test[1]-[5]: checking the values that we wrote to the memory before.
G99-TS110-LOG : Test[1]-[5]: result = 1.
G99-TS110: FINISHED
G99-TS110-LOG : Test 0: 6/6 PASSED. Expected = 0x3F, result = 0x3F
G99-TS110-LOG : Test 1: 6/6 PASSED. Expected = 0x3F, result = 0x3F
G99-TS110: 2/2 test function(s) COMPLETED.
G99-TS110: 12/12 tests PASSED.
G99-TS110: 0/12 tests FAILED.
G99-TS110: END
