=======RAM Target LOG - Fri May 27 17:49:07 EDT 2022 - ECESTAF71  ==========
g25 tested by G99_TS144
=~=~=~=~=~=~=~=~=~=~=~= PuTTY log 2022.05.27 17:49:12 =~=~=~=~=~=~=~=~=~=~=~=
G99-TS144: START
G99-TS144-LOG2: priv_task1: basic memory test.
0 free memory block(s) found
G99-TS144-LOG : Test[0]-[0]: Allocating max size.
G99-TS144-LOG : Test[0]-[0]: result = 1.
G99-TS144-LOG : Test[0]-[1]: allocating with no  mem.
G99-TS144-LOG : Test[0]-[1]: result = 1.
G99-TS144-LOG : Test[0]-[2]: errno ENOMEM checking.
G99-TS144-LOG : Test[0]-[2]: result = 1.
G99-TS144-LOG : Test[0]-[3]: dealloc a bad pointer (out of mem pool range).
G99-TS144-LOG : Test[0]-[3]: result = 1.
0 free memory block(s) found
G99-TS144-LOG : Test[1]-[0]: Allocating max size.
G99-TS144-LOG : Test[1]-[0]: result = 1.
G99-TS144-LOG : Test[1]-[1]: allocating with no  mem.
G99-TS144-LOG : Test[1]-[1]: result = 1.
G99-TS144-LOG : Test[1]-[2]: errno ENOMEM checking.
G99-TS144-LOG : Test[1]-[2]: result = 1.
G99-TS144-LOG : Test[1]-[3]: dealloc a bad pointer (out of mem pool range).
G99-TS144-LOG : Test[1]-[3]: result = 1.
G99-TS144: FINISHED
G99-TS144-LOG : Test 0: 4/4 PASSED. Expected = 0xF, result = 0xF
G99-TS144-LOG : Test 1: 4/4 PASSED. Expected = 0xF, result = 0xF
G99-TS144: 2/2 test function(s) COMPLETED.
G99-TS144: 8/8 tests PASSED.
G99-TS144: 0/8 tests FAILED.
G99-TS144: END
