=======RAM Target LOG - Fri May 27 17:49:35 EDT 2022 - ECESTAF71  ==========
g25 tested by G99_TS153
=~=~=~=~=~=~=~=~=~=~=~= PuTTY log 2022.05.27 17:49:41 =~=~=~=~=~=~=~=~=~=~=~=
G99-TS153: START
G99-TS153-LOG2: priv_task1: basic memory test.
0x10007000: 0x800
1 free memory block(s) found
0x10007000: 0x800
1 free memory block(s) found
G99-TS153-LOG : Test[0]-[0]: stress test, alloc then dealloc.
G99-TS153-LOG : Test[0]-[0]: result = 1.
G99-TS153-LOG : Test[0]-[1]: stress test, alloc , write , then dealloc.
G99-TS153-LOG : Test[0]-[1]: result = 0.
0x2007c000: 0x8000
1 free memory block(s) found
0x2007c000: 0x8000
1 free memory block(s) found
G99-TS153-LOG : Test[1]-[0]: stress test, alloc then dealloc.
G99-TS153-LOG : Test[1]-[0]: result = 1.
G99-TS153-LOG : Test[1]-[1]: stress test, alloc , write , then dealloc.
G99-TS153-LOG : Test[1]-[1]: result = 0.
G99-TS153: FINISHED
G99-TS153-LOG : Test 0: 1/2 PASSED. Expected = 0x3, result = 0x1
G99-TS153-LOG : Test 1: 1/2 PASSED. Expected = 0x3, result = 0x1
G99-TS153: 2/2 test function(s) COMPLETED.
G99-TS153: 2/4 tests PASSED.
G99-TS153: 2/4 tests FAILED.
G99-TS153: END
