=======RAM Target LOG - Fri May 27 17:48:03 EDT 2022 - ECESTAF71  ==========
g25 tested by G99_TS142
=~=~=~=~=~=~=~=~=~=~=~= PuTTY log 2022.05.27 17:48:14 =~=~=~=~=~=~=~=~=~=~=~=
G99-TS142: START
G99-TS142-LOG2: priv_task1: basic memory test.
G99-TS142-LOG : Test[0]-[0]: allocate all, each is not greater than MIN_BLK_SIZE.
G99-TS142-LOG : Test[0]-[0]: result = 1.
0x10007000: 0x800
1 free memory block(s) found
G99-TS142-LOG : Test[0]-[1]: Dealloc all memory blocks in memory address order.
G99-TS142-LOG : Test[0]-[1]: result = 1.
G99-TS142-LOG : Test[0]-[2]: Allocating/Deallocating blocks with different sizes.
G99-TS142-LOG : Test[0]-[2]: result = 1.
G99-TS142-LOG : Test[1]-[0]: allocate all, each is not greater than MIN_BLK_SIZE.
G99-TS142-LOG : Test[1]-[0]: result = 1.
0x2007c000: 0x8000
1 free memory block(s) found
G99-TS142-LOG : Test[1]-[1]: Dealloc all memory blocks in memory address order.
G99-TS142-LOG : Test[1]-[1]: result = 1.
G99-TS142-LOG : Test[1]-[2]: Allocating/Deallocating blocks with different sizes.
G99-TS142-LOG : Test[1]-[2]: result = 1.
G99-TS142: FINISHED
G99-TS142-LOG : Test 0: 3/3 PASSED. Expected = 0x7, result = 0x7
G99-TS142-LOG : Test 1: 3/3 PASSED. Expected = 0x7, result = 0x7
G99-TS142: 2/2 test function(s) COMPLETED.
G99-TS142: 6/6 tests PASSED.
G99-TS142: 0/6 tests FAILED.
G99-TS142: END
