=======SIM Target LOG - Tue Jul  5 18:22:12 EDT 2022 - ECESTAF71  ==========
g25 tested by G99_TS320
G99-TS320: START
task0: TID =1 entering
G99-TS320-LOG: Test[0]-[0]: task0: creating a HIGH prio task that runs task1 function.
G99-TS320-LOG: Test[0]-[0]: result = 1.
G99-TS320-LOG: Test[0]-[1]: task0: creating a HIGH prio task that runs task2 function.
G99-TS320-LOG: Test[0]-[1]: result = 1.
G99-TS320-LOG: Test[0]-[2]: task1: creating a mailbox of size 128 Bytes.
G99-TS320-LOG: Test[0]-[2]: result = 1.
G99-TS320-LOG: Test[0]-[3]: task1: allocating memory for a message!.
G99-TS320-LOG: Test[0]-[3]: result = 1.
G99-TS320-LOG2: TID = 2, task1: yielding cpu after calling recv_msg_nb()
G99-TS320-LOG2: TID = 3, task2: entering
G99-TS320-LOG: Test[0]-[4]: task2: allocating memory for a message!.
G99-TS320-LOG: Test[0]-[4]: result = 1.
G99-TS320-LOG: Test[0]-[5]: task2: sending message to task1.
G99-TS320-LOG: Test[0]-[5]: result = 1.
G99-TS320-LOG2: TID = 3, task2: exiting...
G99-TS320-LOG: Test[0]-[6]: task1: test received message type and sender.
G99-TS320-LOG: Test[0]-[6]: result = 1.
G99-TS320-LOG: Test[0]-[7]: task1: test received message length.
G99-TS320-LOG: Test[0]-[7]: result = 1.
G99-TS320-LOG: Test[0]-[8]: task1: test received message data.
G99-TS320-LOG: Test[0]-[8]: result = 1.
G99-TS320-LOG2: TID = 2, task1: yielding cpu)
G99-TS320-LOG: real exec order: 1 -> 2 -> 3 -> 2 -> NIL
G99-TS320-LOG: expt exec order: 1 -> 2 -> 3 -> 2 -> NIL
G99-TS320-LOG: Test[1]-[0]: checking execution shortfalls.
G99-TS320-LOG: Test[1]-[0]: result = 1.
G99-TS320-LOG: Test[1]-[1]: checking unexpected execution once.
G99-TS320-LOG: Test[1]-[1]: result = 1.
G99-TS320-LOG: Test[1]-[2]: checking unexpected execution twice.
G99-TS320-LOG: Test[1]-[2]: result = 1.
G99-TS320-LOG: Test[1]-[3]: checking correct number of executions.
G99-TS320-LOG: Test[1]-[3]: result = 1.
G99-TS320-LOG: Test[1]-[4]: checking execution sequence @ 0.
G99-TS320-LOG: Test[1]-[4]: result = 1.
G99-TS320-LOG: Test[1]-[5]: checking execution sequence @ 1.
G99-TS320-LOG: Test[1]-[5]: result = 1.
G99-TS320-LOG: Test[1]-[6]: checking execution sequence @ 2.
G99-TS320-LOG: Test[1]-[6]: result = 1.
G99-TS320-LOG: Test[1]-[7]: checking execution sequence @ 3.
G99-TS320-LOG: Test[1]-[7]: result = 1.
G99-TS320: FINISHED
G99-TS320-LOG: Test 0: 9/9 PASSED. Expected = 0x1FF, result = 0x1FF
G99-TS320-LOG: Test 1: 8/8 PASSED. Expected = 0xFF, result = 0xFF
G99-TS320: 2/2 test function(s) COMPLETED.
G99-TS320: 17/17 tests PASSED.
G99-TS320: 0/17 tests FAILED.
G99-TS320: END