=======SIM Target LOG - Tue Jul  5 18:21:13 EDT 2022 - ECESTAF71  ==========
g25 tested by G99_TS310
G99-TS310: START
task0: TID =1 entering
G99-TS310-LOG2: task0: creating a MEDIUM prio task that receives messages from the other tasks.
G99-TS310-LOG2: task0: creating a MEDIUM prio task that runs the task0_send_msg_0 function.
G99-TS310-LOG2: task0: creating a MEDIUM prio task that runs the task0_send_msg_1 function.
G99-TS310-LOG2: task0: creating a MEDIUM prio task that runs the task0_send_msg_2 function.
G99-TS310-LOG2:, test0_recv_task: creating a mailbox of size 7 Bytes
task 0 - sender 2 buf: c
G99-TS310-LOG: Test[0]-[0]: .
G99-TS310-LOG: Test[0]-[0]: result = 1.
task 0 - sender 1 buf: b
G99-TS310-LOG: Test[0]-[1]: .
G99-TS310-LOG: Test[0]-[1]: result = 1.
task 0 - sender 0 buf: a
G99-TS310-LOG: Test[0]-[2]: .
G99-TS310-LOG: Test[0]-[2]: result = 1.
char_message: c
char_message: b
char_message: a
test0_messages[0]: c
test0_messages[1]: b
test0_messages[2]: a
G99-TS310-LOG: Test[0]-[3]: .
G99-TS310-LOG: Test[0]-[3]: result = 1.
G99-TS310-LOG2: test1: creating a MEDIUM prio task task1_receive_msg that attempt to receive a message.
G99-TS310-LOG2: test1_recv_task: creating a mailbox of size 7 Bytes.
G99-TS310-LOG: Test[1]-[0]: .
G99-TS310-LOG: Test[1]-[0]: result = 1.
G99-TS310-LOG2: test1: creating a MEDIUM prio task task1_send_msg_0 that sends a message.
task1 - sender 0 buf: d
char_message: d
G99-TS310-LOG: Test[1]-[1]: .
G99-TS310-LOG: Test[1]-[1]: result = 1.
G99-TS310-LOG: Test[1]-[2]: .
G99-TS310-LOG: Test[1]-[2]: result = 1.
G99-TS310-LOG: Test[1]-[3]: .
G99-TS310-LOG: Test[1]-[3]: result = 1.