G99-TS300: START
G99-TS300-LOG2: TID = 1, task0 entering
G99-TS300-LOG: Test[0]-[0]: task0: creating a HIGH prio task that runs task1 function.
G99-TS300-LOG: Test[0]-[0]: result = 1.
G99-TS300-LOG2: TID = 1, task0: calling tsk_yield()
task2: entering 
G99-TS300-LOG: Test[0]-[1]: task1: creating a mailbox.
G99-TS300-LOG: Test[0]-[1]: result = 1.
G99-TS300-LOG: Test[0]-[2]: task0: send_msg_nb to tid(2).
G99-TS300-LOG: Test[0]-[2]: result = 1.
G99-TS300-LOG: Test[0]-[3]: task0: send_msg_nb to tid(2).
G99-TS300-LOG: Test[0]-[3]: result = 1.
G99-TS300-LOG: Test[0]-[4]: task0: send_msg_nb to tid(2).
G99-TS300-LOG: Test[0]-[4]: result = 1.
G99-TS300-LOG: Test[0]-[5]: task0: send_msg_nb to tid(2).
G99-TS300-LOG: Test[0]-[5]: result = 1.
G99-TS300-LOG: Test[0]-[6]: task0: send_msg_nb to tid(2).
G99-TS300-LOG: Test[0]-[6]: result = 1.
G99-TS300-LOG: Test[0]-[7]: task1: Reciving msg.
G99-TS300-LOG: Test[0]-[7]: result = 1.
G99-TS300-LOG: Test[0]-[8]: task1: Reciving msg.
G99-TS300-LOG: Test[0]-[8]: result = 1.
G99-TS300-LOG: Test[0]-[9]: task1: Reciving msg.
G99-TS300-LOG: Test[0]-[9]: result = 1.
G99-TS300-LOG: Test[0]-[10]: task1: Reciving msg.
G99-TS300-LOG: Test[0]-[10]: result = 1.
G99-TS300-LOG: Test[0]-[11]: task1: Reciving msg.
G99-TS300-LOG: Test[0]-[11]: result = 1.
G99-TS300-LOG: Test[0]-[12]: task1: Reciving msg.
G99-TS300-LOG: Test[0]-[12]: result = 1.
G99-TS300-LOG: Test[0]-[13]: task0: send_msg_nb to tid(2).
G99-TS300-LOG: Test[0]-[13]: result = 1.
G99-TS300-LOG: Test[0]-[14]: task0: send_msg_nb to tid(2).
G99-TS300-LOG: Test[0]-[14]: result = 1.
G99-TS300-LOG: Test[0]-[15]: task0: send_msg_nb to tid(2).
G99-TS300-LOG: Test[0]-[15]: result = 1.
G99-TS300-LOG: Test[0]-[16]: task0: send_msg_nb to tid(2).
G99-TS300-LOG: Test[0]-[16]: result = 1.
G99-TS300-LOG: Test[0]-[17]: task0: send_msg_nb to tid(2).
G99-TS300-LOG: Test[0]-[17]: result = 1.
G99-TS300-LOG: Test[0]-[18]: task1: Reciving msg.
G99-TS300-LOG: Test[0]-[18]: result = 1.
G99-TS300-LOG: Test[0]-[19]: task1: Reciving msg.
G99-TS300-LOG: Test[0]-[19]: result = 1.
G99-TS300-LOG: Test[0]-[20]: task1: Reciving msg.
G99-TS300-LOG: Test[0]-[20]: result = 1.
G99-TS300-LOG: Test[0]-[21]: task1: Reciving msg.
G99-TS300-LOG: Test[0]-[21]: result = 1.
G99-TS300-LOG: real exec order: 1 -> 2 -> 1 -> 1 -> 1 -> 1 -> 1 -> 2 -> 2 -> 2 -> 2 -> 2 -> 2 -> 1 -> 1 -> 1 -> 1 -> 1 -> 2 -> 2 -> 2 -> 2 -> 1 -> NIL
G99-TS300-LOG: expt exec order: 1 -> 2 -> 1 -> 1 -> 1 -> 1 -> 1 -> 2 -> 2 -> 2 -> 2 -> 2 -> 2 -> 1 -> 1 -> 1 -> 1 -> 1 -> 2 -> 2 -> 2 -> 2 -> 1 -> NIL
G99-TS300-LOG: Test[1]-[0]: checking execution shortfalls.
G99-TS300-LOG: Test[1]-[0]: result = 1.
G99-TS300-LOG: Test[1]-[1]: checking unexpected execution once.
G99-TS300-LOG: Test[1]-[1]: result = 1.
G99-TS300-LOG: Test[1]-[2]: checking unexpected execution twice.
G99-TS300-LOG: Test[1]-[2]: result = 1.
G99-TS300-LOG: Test[1]-[3]: checking correct number of executions.
G99-TS300-LOG: Test[1]-[3]: result = 1.
G99-TS300-LOG: Test[1]-[4]: checking execution sequence @ 0.
G99-TS300-LOG: Test[1]-[4]: result = 1.
G99-TS300-LOG: Test[1]-[5]: checking execution sequence @ 1.
G99-TS300-LOG: Test[1]-[5]: result = 1.
G99-TS300-LOG: Test[1]-[6]: checking execution sequence @ 2.
G99-TS300-LOG: Test[1]-[6]: result = 1.
G99-TS300-LOG: Test[1]-[7]: checking execution sequence @ 3.
G99-TS300-LOG: Test[1]-[7]: result = 1.
G99-TS300-LOG: Test[1]-[8]: checking execution sequence @ 4.
G99-TS300-LOG: Test[1]-[8]: result = 1.
G99-TS300-LOG: Test[1]-[9]: checking execution sequence @ 5.
G99-TS300-LOG: Test[1]-[9]: result = 1.
G99-TS300-LOG: Test[1]-[10]: checking execution sequence @ 6.
G99-TS300-LOG: Test[1]-[10]: result = 1.
G99-TS300-LOG: Test[1]-[11]: checking execution sequence @ 7.
G99-TS300-LOG: Test[1]-[11]: result = 1.
G99-TS300-LOG: Test[1]-[12]: checking execution sequence @ 8.
G99-TS300-LOG: Test[1]-[12]: result = 1.
G99-TS300-LOG: Test[1]-[13]: checking execution sequence @ 9.
G99-TS300-LOG: Test[1]-[13]: result = 1.
G99-TS300-LOG: Test[1]-[14]: checking execution sequence @ 10.
G99-TS300-LOG: Test[1]-[14]: result = 1.
G99-TS300-LOG: Test[1]-[15]: checking execution sequence @ 11.
G99-TS300-LOG: Test[1]-[15]: result = 1.
G99-TS300-LOG: Test[1]-[16]: checking execution sequence @ 12.
G99-TS300-LOG: Test[1]-[16]: result = 1.
G99-TS300-LOG: Test[1]-[17]: checking execution sequence @ 13.
G99-TS300-LOG: Test[1]-[17]: result = 1.
G99-TS300-LOG: Test[1]-[18]: checking execution sequence @ 14.
G99-TS300-LOG: Test[1]-[18]: result = 1.
G99-TS300-LOG: Test[1]-[19]: checking execution sequence @ 15.
G99-TS300-LOG: Test[1]-[19]: result = 1.
G99-TS300-LOG: Test[1]-[20]: checking execution sequence @ 16.
G99-TS300-LOG: Test[1]-[20]: result = 1.
G99-TS300-LOG: Test[1]-[21]: checking execution sequence @ 17.
G99-TS300-LOG: Test[1]-[21]: result = 1.
G99-TS300-LOG: Test[1]-[22]: checking execution sequence @ 18.
G99-TS300-LOG: Test[1]-[22]: result = 1.
G99-TS300-LOG: Test[1]-[23]: checking execution sequence @ 19.
G99-TS300-LOG: Test[1]-[23]: result = 1.
G99-TS300-LOG: Test[1]-[24]: checking execution sequence @ 20.
G99-TS300-LOG: Test[1]-[24]: result = 1.
G99-TS300-LOG: Test[1]-[25]: checking execution sequence @ 21.
G99-TS300-LOG: Test[1]-[25]: result = 1.
G99-TS300-LOG: Test[1]-[26]: checking execution sequence @ 22.
G99-TS300-LOG: Test[1]-[26]: result = 1.
G99-TS300: FINISHED
G99-TS300-LOG: Test 0: 22/22 PASSED. Expected = 0x3FFFFF, result = 0x3FFFFF
G99-TS300-LOG: Test 1: 27/27 PASSED. Expected = 0x7FFFFFF, result = 0x7FFFFFF
G99-TS300: 2/2 test function(s) COMPLETED.
G99-TS300: 49/49 tests PASSED.
G99-TS300: 0/49 tests FAILED.
G99-TS300: END

