  
*** Using Compiler 'V5.06 update 7 (build 960)', folder: 'C:\Software\Keil_v5\ARM\ARMCC\Bin'
*** Note: Rebuilding project, since 'Options->Output->Create Batch File' is selected.
Rebuild Project 'ae-lib' - Target 'AE Lib SIM'
compiling ae.c...
compiling ae_tasks_util.c...
compiling ae_timer.c...
compiling ae_util.c...
compiling main.c...
compiling ae_tasks.c...
creating Library...
Warning: L6875W: Adding non-ELF object 'G99-TS100.log' to archive '.\Objects\SIM\ae-lib-sim.lib'
".\Objects\SIM\ae-lib-sim.lib" - 0 Error(s), 0 Warning(s).
Build Time Elapsed:  00:00:02
  
*** Using Compiler 'V5.06 update 7 (build 960)', folder: 'C:\Software\Keil_v5\ARM\ARMCC\Bin'
*** Note: Rebuilding project, since 'Options->Output->Create Batch File' is selected.
Rebuild Project 'ae-lib' - Target 'AE Lib RAM'
compiling ae.c...
compiling ae_tasks_util.c...
compiling ae_timer.c...
compiling ae_util.c...
compiling main.c...
compiling ae_tasks.c...
creating Library...
Warning: L6875W: Adding non-ELF object 'G99-TS100.log' to archive '.\Objects\RAM\ae-lib-ram.lib'
".\Objects\RAM\ae-lib-ram.lib" - 0 Error(s), 0 Warning(s).
Build Time Elapsed:  00:00:01
  
*** Using Compiler 'V5.06 update 7 (build 960)', folder: 'C:\Software\Keil_v5\ARM\ARMCC\Bin'
Build Project 'rtx-app' - Target 'RTX App SIM'
compiling uart_polling.c...
compiling timer.c...
compiling k_mem.c...
P:\s22mk2\mk-20220608AM\mk-12\g25\lab2\RTX-App\src\kernel\k_inc.h(124): warning:  #1-D: last line of file ends without a newline
   
src\kernel\k_mem.c: 1 warning, 0 errors
compiling uart_irq.c...
P:\s22mk2\mk-20220608AM\mk-12\g25\lab2\RTX-App\src\kernel\k_inc.h(124): warning:  #1-D: last line of file ends without a newline
   
src\bsp\LPC1768\uart_irq.c: 1 warning, 0 errors
compiling HAL.c...
P:\s22mk2\mk-20220608AM\mk-12\g25\lab2\RTX-App\src\kernel\k_inc.h(124): warning:  #1-D: last line of file ends without a newline
   
src\kernel\HAL.c: 1 warning, 0 errors
compiling k_msg.c...
P:\s22mk2\mk-20220608AM\mk-12\g25\lab2\RTX-App\src\kernel\k_inc.h(124): warning:  #1-D: last line of file ends without a newline
   
src\kernel\k_msg.c: 1 warning, 0 errors
compiling k_rtx_init.c...
P:\s22mk2\mk-20220608AM\mk-12\g25\lab2\RTX-App\src\kernel\k_inc.h(124): warning:  #1-D: last line of file ends without a newline
   
src\kernel\k_rtx_init.c: 1 warning, 0 errors
compiling free_list.c...
compiling bit_array.c...
compiling helper.c...
P:\s22mk2\mk-20220608AM\mk-12\g25\lab2\RTX-App\src\kernel\helper.c(39): warning:  #1-D: last line of file ends without a newline
  }
src\kernel\helper.c: 1 warning, 0 errors
compiling k_task.c...
P:\s22mk2\mk-20220608AM\mk-12\g25\lab2\RTX-App\src\kernel\k_inc.h(124): warning:  #1-D: last line of file ends without a newline
   
src\kernel\k_task.c: 1 warning, 0 errors
compiling tester.c...
compiling printf.c...
compiling cdisp_task.c...
compiling kcd_task.c...
compiling wall_clock_task.c...
compiling ready_queue.c...
P:\s22mk2\mk-20220608AM\mk-12\g25\lab2\RTX-App\src\kernel\k_inc.h(124): warning:  #1-D: last line of file ends without a newline
   
src\kernel\ready_queue.c: 1 warning, 0 errors
assembling startup_LPC17xx.s...
compiling null_task.c...
compiling system_LPC17xx.c...
linking...
Program Size: Code=9460 RO-data=236 RW-data=68 ZI-data=13684  
".\Objects\SIM\rtx-app-sim.axf" - 0 Error(s), 8 Warning(s).
Build Time Elapsed:  00:00:02
  
*** Using Compiler 'V5.06 update 7 (build 960)', folder: 'C:\Software\Keil_v5\ARM\ARMCC\Bin'
Build Project 'rtx-app' - Target 'RTX App RAM'
compiling uart_polling.c...
compiling timer.c...
compiling uart_irq.c...
P:\s22mk2\mk-20220608AM\mk-12\g25\lab2\RTX-App\src\kernel\k_inc.h(124): warning:  #1-D: last line of file ends without a newline
   
src\bsp\LPC1768\uart_irq.c: 1 warning, 0 errors
compiling HAL.c...
P:\s22mk2\mk-20220608AM\mk-12\g25\lab2\RTX-App\src\kernel\k_inc.h(124): warning:  #1-D: last line of file ends without a newline
   
src\kernel\HAL.c: 1 warning, 0 errors
compiling k_mem.c...
P:\s22mk2\mk-20220608AM\mk-12\g25\lab2\RTX-App\src\kernel\k_inc.h(124): warning:  #1-D: last line of file ends without a newline
   
src\kernel\k_mem.c: 1 warning, 0 errors
compiling k_rtx_init.c...
P:\s22mk2\mk-20220608AM\mk-12\g25\lab2\RTX-App\src\kernel\k_inc.h(124): warning:  #1-D: last line of file ends without a newline
   
src\kernel\k_rtx_init.c: 1 warning, 0 errors
compiling k_msg.c...
P:\s22mk2\mk-20220608AM\mk-12\g25\lab2\RTX-App\src\kernel\k_inc.h(124): warning:  #1-D: last line of file ends without a newline
   
src\kernel\k_msg.c: 1 warning, 0 errors
compiling k_task.c...
P:\s22mk2\mk-20220608AM\mk-12\g25\lab2\RTX-App\src\kernel\k_inc.h(124): warning:  #1-D: last line of file ends without a newline
   
src\kernel\k_task.c: 1 warning, 0 errors
compiling free_list.c...
compiling bit_array.c...
compiling helper.c...
P:\s22mk2\mk-20220608AM\mk-12\g25\lab2\RTX-App\src\kernel\helper.c(39): warning:  #1-D: last line of file ends without a newline
  }
src\kernel\helper.c: 1 warning, 0 errors
compiling printf.c...
compiling cdisp_task.c...
compiling kcd_task.c...
compiling tester.c...
compiling ready_queue.c...
P:\s22mk2\mk-20220608AM\mk-12\g25\lab2\RTX-App\src\kernel\k_inc.h(124): warning:  #1-D: last line of file ends without a newline
   
src\kernel\ready_queue.c: 1 warning, 0 errors
compiling wall_clock_task.c...
assembling startup_LPC17xx.s...
compiling null_task.c...
compiling system_LPC17xx.c...
linking...
Program Size: Code=9456 RO-data=236 RW-data=68 ZI-data=13684  
".\Objects\RAM\rtx-app-ram.axf" - 0 Error(s), 8 Warning(s).
Build Time Elapsed:  00:00:02
  
Batch-Build summary: 4 succeeded, 0 failed, 0 skipped - Time Elapsed: 00:00:07
