  
*** Using Compiler 'V5.06 update 7 (build 960)', folder: 'C:\Software\Keil_v5\ARM\ARMCC\Bin'
*** Note: Rebuilding project, since 'Options->Output->Create Batch File' is selected.
Rebuild Project 'ae-lib' - Target 'AE Lib SIM'
compiling ae.c...
compiling ae_tasks_util.c...
compiling ae_timer.c...
compiling ae_util.c...
compiling main.c...
compiling ae_tasks.c...
P:\s22mk3\mk-grading-20220705AM\g25\lab3\AE-Lib\src\ae\ae_tasks.c(583): warning:  #1-D: last line of file ends without a newline
   */
src\ae\ae_tasks.c: 1 warning, 0 errors
creating Library...
Warning: L6875W: Adding non-ELF object 'G99-TS100.log' to archive '.\Objects\SIM\ae-lib-sim.lib'
".\Objects\SIM\ae-lib-sim.lib" - 0 Error(s), 1 Warning(s).
Build Time Elapsed:  00:00:02
  
*** Using Compiler 'V5.06 update 7 (build 960)', folder: 'C:\Software\Keil_v5\ARM\ARMCC\Bin'
*** Note: Rebuilding project, since 'Options->Output->Create Batch File' is selected.
Rebuild Project 'ae-lib' - Target 'AE Lib RAM'
compiling ae.c...
compiling ae_tasks_util.c...
compiling ae_timer.c...
compiling ae_util.c...
compiling main.c...
compiling ae_tasks.c...
P:\s22mk3\mk-grading-20220705AM\g25\lab3\AE-Lib\src\ae\ae_tasks.c(583): warning:  #1-D: last line of file ends without a newline
   */
src\ae\ae_tasks.c: 1 warning, 0 errors
creating Library...
Warning: L6875W: Adding non-ELF object 'G99-TS100.log' to archive '.\Objects\RAM\ae-lib-ram.lib'
".\Objects\RAM\ae-lib-ram.lib" - 0 Error(s), 1 Warning(s).
Build Time Elapsed:  00:00:01
  
*** Using Compiler 'V5.06 update 7 (build 960)', folder: 'C:\Software\Keil_v5\ARM\ARMCC\Bin'
Build Project 'rtx-app' - Target 'RTX App SIM'
compiling uart_polling.c...
compiling timer.c...
compiling uart_irq.c...
P:\s22mk3\mk-grading-20220705AM\g25\lab3\RTX-App\src\kernel\k_inc.h(126): warning:  #1-D: last line of file ends without a newline
   
P:\s22mk3\mk-grading-20220705AM\g25\lab3\RTX-App\src\kernel\k_inc.h(126): warning:  #1-D: last line of file ends without a newline
   
P:\s22mk3\mk-grading-20220705AM\g25\lab3\RTX-App\src\bsp\LPC1768\uart_irq.c(47): warning:  #177-D: variable "gp_buffer"  was declared but never referenced
  static uint8_t *gp_buffer = g_buffer; // TX IRQ read/write this var
src\bsp\LPC1768\uart_irq.c: 3 warnings, 0 errors
compiling k_mem.c...
P:\s22mk3\mk-grading-20220705AM\g25\lab3\RTX-App\src\kernel\k_inc.h(126): warning:  #1-D: last line of file ends without a newline
   
P:\s22mk3\mk-grading-20220705AM\g25\lab3\RTX-App\src\kernel\k_inc.h(126): warning:  #1-D: last line of file ends without a newline
   
src\kernel\k_mem.c: 2 warnings, 0 errors
compiling HAL.c...
P:\s22mk3\mk-grading-20220705AM\g25\lab3\RTX-App\src\kernel\k_inc.h(126): warning:  #1-D: last line of file ends without a newline
   
P:\s22mk3\mk-grading-20220705AM\g25\lab3\RTX-App\src\kernel\k_inc.h(126): warning:  #1-D: last line of file ends without a newline
   
src\kernel\HAL.c: 2 warnings, 0 errors
compiling k_rtx_init.c...
P:\s22mk3\mk-grading-20220705AM\g25\lab3\RTX-App\src\kernel\k_inc.h(126): warning:  #1-D: last line of file ends without a newline
   
P:\s22mk3\mk-grading-20220705AM\g25\lab3\RTX-App\src\kernel\k_inc.h(126): warning:  #1-D: last line of file ends without a newline
   
src\kernel\k_rtx_init.c: 2 warnings, 0 errors
compiling k_msg.c...
P:\s22mk3\mk-grading-20220705AM\g25\lab3\RTX-App\src\kernel\k_inc.h(126): warning:  #1-D: last line of file ends without a newline
   
P:\s22mk3\mk-grading-20220705AM\g25\lab3\RTX-App\src\kernel\k_inc.h(126): warning:  #1-D: last line of file ends without a newline
   
src\kernel\k_msg.c: 2 warnings, 0 errors
compiling k_task.c...
P:\s22mk3\mk-grading-20220705AM\g25\lab3\RTX-App\src\kernel\k_inc.h(126): warning:  #1-D: last line of file ends without a newline
   
P:\s22mk3\mk-grading-20220705AM\g25\lab3\RTX-App\src\kernel\k_inc.h(126): warning:  #1-D: last line of file ends without a newline
   
src\kernel\k_task.c: 2 warnings, 0 errors
compiling free_list.c...
compiling bit_array.c...
compiling helper.c...
P:\s22mk3\mk-grading-20220705AM\g25\lab3\RTX-App\src\kernel\helper.c(39): warning:  #1-D: last line of file ends without a newline
  }
src\kernel\helper.c: 1 warning, 0 errors
compiling printf.c...
compiling tester.c...
compiling mailbox.c...
P:\s22mk3\mk-grading-20220705AM\g25\lab3\RTX-App\src\kernel\k_inc.h(126): warning:  #1-D: last line of file ends without a newline
   
P:\s22mk3\mk-grading-20220705AM\g25\lab3\RTX-App\src\kernel\mailbox.c(8): warning:  #177-D: variable "available_space"  was declared but never referenced
  	U32 available_space = 0;
src\kernel\mailbox.c: 2 warnings, 0 errors
compiling ready_queue.c...
P:\s22mk3\mk-grading-20220705AM\g25\lab3\RTX-App\src\kernel\k_inc.h(126): warning:  #1-D: last line of file ends without a newline
   
P:\s22mk3\mk-grading-20220705AM\g25\lab3\RTX-App\src\kernel\k_inc.h(126): warning:  #1-D: last line of file ends without a newline
   
P:\s22mk3\mk-grading-20220705AM\g25\lab3\RTX-App\src\kernel\ready_queue.c(140): warning:  #1-D: last line of file ends without a newline
  }
src\kernel\ready_queue.c: 3 warnings, 0 errors
compiling cdisp_task.c...
P:\s22mk3\mk-grading-20220705AM\g25\lab3\RTX-App\src\kernel\k_inc.h(126): warning:  #1-D: last line of file ends without a newline
   
P:\s22mk3\mk-grading-20220705AM\g25\lab3\RTX-App\src\kernel\k_inc.h(126): warning:  #1-D: last line of file ends without a newline
   
P:\s22mk3\mk-grading-20220705AM\g25\lab3\RTX-App\src\tasks\cdisp_task.c(78): warning:  #111-D: statement is unreachable
      mem_dealloc(msg_buf); // will probably never run
src\tasks\cdisp_task.c: 3 warnings, 0 errors
compiling wall_clock_task.c...
assembling startup_LPC17xx.s...
compiling null_task.c...
compiling kcd_task.c...
P:\s22mk3\mk-grading-20220705AM\g25\lab3\RTX-App\src\kernel\k_inc.h(126): warning:  #1-D: last line of file ends without a newline
   
P:\s22mk3\mk-grading-20220705AM\g25\lab3\RTX-App\src\kernel\k_inc.h(126): warning:  #1-D: last line of file ends without a newline
   
P:\s22mk3\mk-grading-20220705AM\g25\lab3\RTX-App\src\tasks\kcd_task.c(235): warning:  #111-D: statement is unreachable
      mem_dealloc(msg_buf); // will probably never run
src\tasks\kcd_task.c: 3 warnings, 0 errors
compiling system_LPC17xx.c...
linking...
Program Size: Code=13292 RO-data=308 RW-data=60 ZI-data=3844  
".\Objects\SIM\rtx-app-sim.axf" - 0 Error(s), 25 Warning(s).
Build Time Elapsed:  00:00:03
  
*** Using Compiler 'V5.06 update 7 (build 960)', folder: 'C:\Software\Keil_v5\ARM\ARMCC\Bin'
Build Project 'rtx-app' - Target 'RTX App RAM'
compiling timer.c...
compiling uart_polling.c...
compiling k_mem.c...
P:\s22mk3\mk-grading-20220705AM\g25\lab3\RTX-App\src\kernel\k_inc.h(126): warning:  #1-D: last line of file ends without a newline
   
P:\s22mk3\mk-grading-20220705AM\g25\lab3\RTX-App\src\kernel\k_inc.h(126): warning:  #1-D: last line of file ends without a newline
   
src\kernel\k_mem.c: 2 warnings, 0 errors
compiling uart_irq.c...
P:\s22mk3\mk-grading-20220705AM\g25\lab3\RTX-App\src\kernel\k_inc.h(126): warning:  #1-D: last line of file ends without a newline
   
P:\s22mk3\mk-grading-20220705AM\g25\lab3\RTX-App\src\kernel\k_inc.h(126): warning:  #1-D: last line of file ends without a newline
   
P:\s22mk3\mk-grading-20220705AM\g25\lab3\RTX-App\src\bsp\LPC1768\uart_irq.c(47): warning:  #177-D: variable "gp_buffer"  was declared but never referenced
  static uint8_t *gp_buffer = g_buffer; // TX IRQ read/write this var
src\bsp\LPC1768\uart_irq.c: 3 warnings, 0 errors
compiling HAL.c...
P:\s22mk3\mk-grading-20220705AM\g25\lab3\RTX-App\src\kernel\k_inc.h(126): warning:  #1-D: last line of file ends without a newline
   
P:\s22mk3\mk-grading-20220705AM\g25\lab3\RTX-App\src\kernel\k_inc.h(126): warning:  #1-D: last line of file ends without a newline
   
src\kernel\HAL.c: 2 warnings, 0 errors
compiling k_rtx_init.c...
P:\s22mk3\mk-grading-20220705AM\g25\lab3\RTX-App\src\kernel\k_inc.h(126): warning:  #1-D: last line of file ends without a newline
   
P:\s22mk3\mk-grading-20220705AM\g25\lab3\RTX-App\src\kernel\k_inc.h(126): warning:  #1-D: last line of file ends without a newline
   
src\kernel\k_rtx_init.c: 2 warnings, 0 errors
compiling k_msg.c...
P:\s22mk3\mk-grading-20220705AM\g25\lab3\RTX-App\src\kernel\k_inc.h(126): warning:  #1-D: last line of file ends without a newline
   
P:\s22mk3\mk-grading-20220705AM\g25\lab3\RTX-App\src\kernel\k_inc.h(126): warning:  #1-D: last line of file ends without a newline
   
src\kernel\k_msg.c: 2 warnings, 0 errors
compiling k_task.c...
P:\s22mk3\mk-grading-20220705AM\g25\lab3\RTX-App\src\kernel\k_inc.h(126): warning:  #1-D: last line of file ends without a newline
   
P:\s22mk3\mk-grading-20220705AM\g25\lab3\RTX-App\src\kernel\k_inc.h(126): warning:  #1-D: last line of file ends without a newline
   
src\kernel\k_task.c: 2 warnings, 0 errors
compiling bit_array.c...
compiling free_list.c...
compiling helper.c...
P:\s22mk3\mk-grading-20220705AM\g25\lab3\RTX-App\src\kernel\helper.c(39): warning:  #1-D: last line of file ends without a newline
  }
src\kernel\helper.c: 1 warning, 0 errors
compiling printf.c...
compiling tester.c...
compiling ready_queue.c...
P:\s22mk3\mk-grading-20220705AM\g25\lab3\RTX-App\src\kernel\k_inc.h(126): warning:  #1-D: last line of file ends without a newline
   
P:\s22mk3\mk-grading-20220705AM\g25\lab3\RTX-App\src\kernel\k_inc.h(126): warning:  #1-D: last line of file ends without a newline
   
P:\s22mk3\mk-grading-20220705AM\g25\lab3\RTX-App\src\kernel\ready_queue.c(140): warning:  #1-D: last line of file ends without a newline
  }
src\kernel\ready_queue.c: 3 warnings, 0 errors
compiling mailbox.c...
P:\s22mk3\mk-grading-20220705AM\g25\lab3\RTX-App\src\kernel\k_inc.h(126): warning:  #1-D: last line of file ends without a newline
   
P:\s22mk3\mk-grading-20220705AM\g25\lab3\RTX-App\src\kernel\mailbox.c(8): warning:  #177-D: variable "available_space"  was declared but never referenced
  	U32 available_space = 0;
src\kernel\mailbox.c: 2 warnings, 0 errors
compiling cdisp_task.c...
P:\s22mk3\mk-grading-20220705AM\g25\lab3\RTX-App\src\kernel\k_inc.h(126): warning:  #1-D: last line of file ends without a newline
   
P:\s22mk3\mk-grading-20220705AM\g25\lab3\RTX-App\src\kernel\k_inc.h(126): warning:  #1-D: last line of file ends without a newline
   
P:\s22mk3\mk-grading-20220705AM\g25\lab3\RTX-App\src\tasks\cdisp_task.c(78): warning:  #111-D: statement is unreachable
      mem_dealloc(msg_buf); // will probably never run
src\tasks\cdisp_task.c: 3 warnings, 0 errors
compiling wall_clock_task.c...
compiling null_task.c...
assembling startup_LPC17xx.s...
compiling kcd_task.c...
P:\s22mk3\mk-grading-20220705AM\g25\lab3\RTX-App\src\kernel\k_inc.h(126): warning:  #1-D: last line of file ends without a newline
   
P:\s22mk3\mk-grading-20220705AM\g25\lab3\RTX-App\src\kernel\k_inc.h(126): warning:  #1-D: last line of file ends without a newline
   
P:\s22mk3\mk-grading-20220705AM\g25\lab3\RTX-App\src\tasks\kcd_task.c(235): warning:  #111-D: statement is unreachable
      mem_dealloc(msg_buf); // will probably never run
src\tasks\kcd_task.c: 3 warnings, 0 errors
compiling system_LPC17xx.c...
linking...
Program Size: Code=13288 RO-data=308 RW-data=60 ZI-data=3844  
".\Objects\RAM\rtx-app-ram.axf" - 0 Error(s), 25 Warning(s).
Build Time Elapsed:  00:00:02
  
Batch-Build summary: 4 succeeded, 0 failed, 0 skipped - Time Elapsed: 00:00:08
