=======SIM Target FLASH DOWNLOAD LOG - Wed Jun  8 08:51:33 EDT 2022 - ECESTAF71  ==========
g25 tested by G99_TS231
=~=~=~=~=~=~=~=~=~=~=~= PuTTY log 2022.06.08 08:51:39 =~=~=~=~=~=~=~=~=~=~=~=
G99-TS231: START
===== k_tsk_yield is called =====
G99-TS231-LOG: TID = 1, task_high: starting
G99-TS231-LOG: task_high: set prio of task_high to MEDIUM
G99-TS231-LOG2: TID = 2, task_med: starting
G99-TS231-LOG: task_med: set prio of task_medium to HIGH
G99-TS231-LOG: task_med: set prio of task_medium to MEDIUM
G99-TS231-LOG: task_high: set prio of task_high to LOWEST
G99-TS231-LOG: task_med: after set prio 
G99-TS231-LOG: Test[0]-[0]: task_med: after set prio .
G99-TS231-LOG: Test[0]-[0]: result = 1.
===== task exit =====
G99-TS231-LOG: task_high: after set prio 
G99-TS231-LOG: Test[0]-[1]: task_high: after set prio .
G99-TS231-LOG: Test[0]-[1]: result = 1.
G99-TS231-LOG: start check seq
G99-TS231-LOG: Test[0]-[2]: task_high: after set prio .
G99-TS231-LOG: Test[0]-[2]: result = 1.
G99-TS231-LOG: Test[0]-[3]: task_high: after set prio .
G99-TS231-LOG: Test[0]-[3]: result = 1.
G99-TS231-LOG: Test[0]-[4]: task_high: after set prio .
G99-TS231-LOG: Test[0]-[4]: result = 1.
G99-TS231-LOG: Test[0]-[5]: task_high: after set prio .
G99-TS231-LOG: Test[0]-[5]: result = 1.
G99-TS231: FINISHED
G99-TS231-LOG: Test 0: 6/6 PASSED. Expected = 0x3F, result = 0x3F
G99-TS231: 1/1 test function(s) COMPLETED.
G99-TS231: 6/6 tests PASSED.
G99-TS231: 0/6 tests FAILED.
G99-TS231: END
