=======SIM Target FLASH DOWNLOAD LOG - Wed Jun  8 08:56:09 EDT 2022 - ECESTAF71  ==========
g25 tested by G99_TS250
=~=~=~=~=~=~=~=~=~=~=~= PuTTY log 2022.06.08 08:56:15 =~=~=~=~=~=~=~=~=~=~=~=
G99-TS250: START
===== k_tsk_yield is called =====
G99-TS250-LOG2: TID = 1, task0 turn = 1: entering
G99-TS250-LOG2: TID = 1, task0 turn = 1: starting test0
G99-TS250-LOG: Test[0]-[0]: 2 - creating a MEDIUM prio task that runs task1 function.
G99-TS250-LOG: Test[0]-[0]: result = 1.
G99-TS250-LOG: Test[0]-[1]: 3 - creating a MEDIUM prio task that runs task1 function.
G99-TS250-LOG: Test[0]-[1]: result = 1.
G99-TS250-LOG: Test[0]-[2]: 4 - creating a LOW prio task that runs task2 function.
G99-TS250-LOG: Test[0]-[2]: result = 1.
G99-TS250-LOG: Test[0]-[3]: 5 - creating a LOW prio task that runs task2 function.
G99-TS250-LOG: Test[0]-[3]: result = 1.
G99-TS250-LOG: Test[0]-[4]: 6 - creating a LOW prio task that runs task2 function.
G99-TS250-LOG: Test[0]-[4]: result = 1.
G99-TS250-LOG2: TID = 8, task3: entering 
G99-TS250-LOG2: TID = 8, task3: yielding cpu 
===== k_tsk_yield is called =====
===== k_tsk_yield is called =====
G99-TS250-LOG: Test[0]-[5]: task3 calling tsk_yield - 1.
G99-TS250-LOG: Test[0]-[5]: result = 1.
G99-TS250-LOG2: TID = 8, task3: yielding cpu 
===== k_tsk_yield is called =====
===== k_tsk_yield is called =====
G99-TS250-LOG: Test[0]-[6]: task3 calling tsk_yield - 2.
G99-TS250-LOG: Test[0]-[6]: result = 1.
G99-TS250-LOG: Test[0]-[7]: task3 calling tsk_yield - 2.
G99-TS250-LOG: Test[0]-[7]: result = 1.
aaaaa
G99-TS250-LOG2: TID = 1, task0 turn = 1: yielding cpu
===== k_tsk_yield is called =====
G99-TS250-LOG: Test[0]-[8]: task0 turn = 1, calling tsk_yield - 1.
G99-TS250-LOG: Test[0]-[8]: result = 1.
G99-TS250-LOG2: TID = 5, task2: entering turn = 1
G99-TS250-LOG2: TID = 5, task2 turn = 1: yielding cpu 
===== k_tsk_yield is called =====
G99-TS250-LOG2: TID = 6, task2: entering turn = 2
G99-TS250-LOG2: TID = 6, task2 turn = 2: yielding cpu 
===== k_tsk_yield is called =====
G99-TS250-LOG2: TID = 7, task2: entering turn = 3
G99-TS250-LOG2: TID = 7, task2 turn = 3: yielding cpu 
===== k_tsk_yield is called =====
G99-TS250-LOG: real exec order: 1 -> 8 -> 8 -> 1 -> 1 -> 5 -> 6 -> 7 -> 1 -> NIL
G99-TS250-LOG: expt exec order: 1 -> 8 -> 8 -> 1 -> 2 -> 1 -> 2 -> 3 -> 4 -> 5 -> 6 -> 7 -> 1 -> NIL
G99-TS250-LOG: Test[1]-[0]: checking execution shortfalls.
G99-TS250-LOG: Test[1]-[0]: result = 0.
G99-TS250-LOG: Test[1]-[1]: checking unexpected execution once.
G99-TS250-LOG: Test[1]-[1]: result = 1.
G99-TS250-LOG: Test[1]-[2]: checking unexpected execution twice.
G99-TS250-LOG: Test[1]-[2]: result = 1.
G99-TS250-LOG: Test[1]-[3]: checking correct number of executions.
G99-TS250-LOG: Test[1]-[3]: result = 0.
G99-TS250-LOG: Test[1]-[4]: checking execution sequence @ 0.
G99-TS250-LOG: Test[1]-[4]: result = 1.
G99-TS250-LOG: Test[1]-[5]: checking execution sequence @ 1.
G99-TS250-LOG: Test[1]-[5]: result = 1.
G99-TS250-LOG: Test[1]-[6]: checking execution sequence @ 2.
G99-TS250-LOG: Test[1]-[6]: result = 1.
G99-TS250-LOG: Test[1]-[7]: checking execution sequence @ 3.
G99-TS250-LOG: Test[1]-[7]: result = 1.
G99-TS250-LOG: Test[1]-[8]: checking execution sequence @ 4.
G99-TS250-LOG: Test[1]-[8]: result = 0.
G99-TS250-LOG: Test[1]-[9]: checking execution sequence @ 5.
G99-TS250-LOG: Test[1]-[9]: result = 0.
G99-TS250-LOG: Test[1]-[10]: checking execution sequence @ 6.
G99-TS250-LOG: Test[1]-[10]: result = 0.
G99-TS250-LOG: Test[1]-[11]: checking execution sequence @ 7.
G99-TS250-LOG: Test[1]-[11]: result = 0.
G99-TS250-LOG: Test[1]-[12]: checking execution sequence @ 8.
G99-TS250-LOG: Test[1]-[12]: result = 0.
G99-TS250-LOG: Test[1]-[13]: checking execution sequence @ 9.
G99-TS250-LOG: Test[1]-[13]: result = 0.
G99-TS250-LOG: Test[1]-[14]: checking execution sequence @ 10.
G99-TS250-LOG: Test[1]-[14]: result = 0.
G99-TS250-LOG: Test[1]-[15]: checking execution sequence @ 11.
G99-TS250-LOG: Test[1]-[15]: result = 0.
G99-TS250-LOG: Test[1]-[16]: checking execution sequence @ 12.
G99-TS250-LOG: Test[1]-[16]: result = 0.
G99-TS250: FINISHED
G99-TS250-LOG: Test 0: 9/9 PASSED. Expected = 0x1FF, result = 0x1FF
G99-TS250-LOG: Test 1: 6/17 PASSED. Expected = 0x1FFFF, result = 0xF6
G99-TS250: 2/2 test function(s) COMPLETED.
G99-TS250: 15/26 tests PASSED.
G99-TS250: 11/26 tests FAILED.
G99-TS250: END
