  
*** Using Compiler 'V5.06 update 7 (build 960)', folder: 'C:\Software\Keil_v5\ARM\ARMCC\Bin'
*** Note: Rebuilding project, since 'Options->Output->Create Batch File' is selected.
Rebuild Project 'ae-lib' - Target 'AE Lib SIM'
compiling ae.c...
compiling ae_tasks_util.c...
compiling ae_timer.c...
P:\s22mk4\mk-tmp\g25\lab4\AE-Lib\src\ae\ae_timer.h(46): warning:  #47-D: incompatible redefinition of macro "BIT"  (declared at line 69 of "..\include\bsp\LPC1768\uart_def.h")
  #define BIT(X) ( 1 << (X) )
src\ae\ae_timer.c: 1 warning, 0 errors
compiling ae_util.c...
compiling main.c...
compiling ae_tasks.c...
P:\s22mk4\mk-tmp\g25\lab4\AE-Lib\src\ae\ae_tasks.c(478): warning:  #177-D: variable "out_char"  was declared but never referenced
          char out_char = '0' + i%10;
P:\s22mk4\mk-tmp\g25\lab4\AE-Lib\src\ae\ae_tasks.c(586): warning:  #1-D: last line of file ends without a newline
   */
src\ae\ae_tasks.c: 2 warnings, 0 errors
creating Library...
Warning: L6875W: Adding non-ELF object 'G99-TS100.log' to archive '.\Objects\SIM\ae-lib-sim.lib'
".\Objects\SIM\ae-lib-sim.lib" - 0 Error(s), 3 Warning(s).
Build Time Elapsed:  00:00:03
  
*** Using Compiler 'V5.06 update 7 (build 960)', folder: 'C:\Software\Keil_v5\ARM\ARMCC\Bin'
*** Note: Rebuilding project, since 'Options->Output->Create Batch File' is selected.
Rebuild Project 'ae-lib' - Target 'AE Lib RAM'
compiling ae.c...
compiling ae_tasks_util.c...
compiling ae_timer.c...
P:\s22mk4\mk-tmp\g25\lab4\AE-Lib\src\ae\ae_timer.h(46): warning:  #47-D: incompatible redefinition of macro "BIT"  (declared at line 69 of "..\include\bsp\LPC1768\uart_def.h")
  #define BIT(X) ( 1 << (X) )
src\ae\ae_timer.c: 1 warning, 0 errors
compiling ae_util.c...
compiling main.c...
compiling ae_tasks.c...
P:\s22mk4\mk-tmp\g25\lab4\AE-Lib\src\ae\ae_tasks.c(478): warning:  #177-D: variable "out_char"  was declared but never referenced
          char out_char = '0' + i%10;
P:\s22mk4\mk-tmp\g25\lab4\AE-Lib\src\ae\ae_tasks.c(586): warning:  #1-D: last line of file ends without a newline
   */
src\ae\ae_tasks.c: 2 warnings, 0 errors
creating Library...
Warning: L6875W: Adding non-ELF object 'G99-TS100.log' to archive '.\Objects\RAM\ae-lib-ram.lib'
".\Objects\RAM\ae-lib-ram.lib" - 0 Error(s), 3 Warning(s).
Build Time Elapsed:  00:00:03
  
*** Using Compiler 'V5.06 update 7 (build 960)', folder: 'C:\Software\Keil_v5\ARM\ARMCC\Bin'
Build Project 'rtx-app' - Target 'RTX App SIM'
compiling uart_polling.c...
compiling k_mem.c...
compiling uart_irq.c...
P:\s22mk4\mk-tmp\g25\lab4\RTX-App\src\bsp\LPC1768\uart_irq.c(47): warning:  #177-D: variable "gp_buffer"  was declared but never referenced
  static uint8_t *gp_buffer = g_buffer; // TX IRQ read/write this var
src\bsp\LPC1768\uart_irq.c: 1 warning, 0 errors
compiling HAL.c...
compiling timer.c...
compiling k_msg.c...
compiling helper.c...
P:\s22mk4\mk-tmp\g25\lab4\RTX-App\src\kernel\helper.c(39): warning:  #1-D: last line of file ends without a newline
  }
src\kernel\helper.c: 1 warning, 0 errors
compiling free_list.c...
compiling k_rtx_init.c...
compiling bit_array.c...
compiling k_task.c...
compiling ready_queue.c...
compiling printf.c...
compiling EDF.c...
compiling mailbox.c...
compiling cdisp_task.c...
assembling startup_LPC17xx.s...
compiling null_task.c...
compiling kcd_task.c...
compiling wall_clock_task.c...
P:\s22mk4\mk-tmp\g25\lab4\RTX-App\src\tasks\wall_clock_task.c(108): warning:  #177-D: variable "seconds"  was declared but never referenced
  	U32 seconds = 0;
src\tasks\wall_clock_task.c: 1 warning, 0 errors
compiling system_LPC17xx.c...
linking...
Program Size: Code=14916 RO-data=236 RW-data=76 ZI-data=2372  
".\Objects\SIM\rtx-app-sim.axf" - 0 Error(s), 3 Warning(s).
Build Time Elapsed:  00:00:02
  
*** Using Compiler 'V5.06 update 7 (build 960)', folder: 'C:\Software\Keil_v5\ARM\ARMCC\Bin'
Build Project 'rtx-app' - Target 'RTX App RAM'
compiling uart_polling.c...
compiling k_mem.c...
compiling HAL.c...
compiling uart_irq.c...
P:\s22mk4\mk-tmp\g25\lab4\RTX-App\src\bsp\LPC1768\uart_irq.c(47): warning:  #177-D: variable "gp_buffer"  was declared but never referenced
  static uint8_t *gp_buffer = g_buffer; // TX IRQ read/write this var
src\bsp\LPC1768\uart_irq.c: 1 warning, 0 errors
compiling timer.c...
compiling k_rtx_init.c...
compiling k_msg.c...
compiling free_list.c...
compiling bit_array.c...
compiling k_task.c...
compiling helper.c...
P:\s22mk4\mk-tmp\g25\lab4\RTX-App\src\kernel\helper.c(39): warning:  #1-D: last line of file ends without a newline
  }
src\kernel\helper.c: 1 warning, 0 errors
compiling printf.c...
compiling ready_queue.c...
compiling mailbox.c...
compiling EDF.c...
compiling cdisp_task.c...
assembling startup_LPC17xx.s...
compiling kcd_task.c...
compiling null_task.c...
compiling wall_clock_task.c...
P:\s22mk4\mk-tmp\g25\lab4\RTX-App\src\tasks\wall_clock_task.c(108): warning:  #177-D: variable "seconds"  was declared but never referenced
  	U32 seconds = 0;
src\tasks\wall_clock_task.c: 1 warning, 0 errors
compiling system_LPC17xx.c...
linking...
Program Size: Code=14912 RO-data=236 RW-data=76 ZI-data=2372  
".\Objects\RAM\rtx-app-ram.axf" - 0 Error(s), 3 Warning(s).
Build Time Elapsed:  00:00:02
  
Batch-Build summary: 4 succeeded, 0 failed, 0 skipped - Time Elapsed: 00:00:11
