=======SIM Target FLASH DOWNLOAD LOG - Tue Jul  5 18:30:44 EDT 2022 - ECESTAF71  ==========
g25 tested by G99_TS360
=~=~=~=~=~=~=~=~=~=~=~= PuTTY log 2022.07.05 18:30:51 =~=~=~=~=~=~=~=~=~=~=~=
G99-TS360: START
G99-TS360-LOG2: task0: TID =1 entering
G99-TS360-LOG: Test[0]-[0]: task0: creating a MEDIUM prio task that runs task2 function.
G99-TS360-LOG: Test[0]-[0]: result = 1.
G99-TS360-LOG2: task0: send_msg to tid(2) who does not have mailbox
G99-TS360-LOG: Test[0]-[1]: task0: send_msg to tid(2) who does not have mailbox.
G99-TS360-LOG: Test[0]-[1]: result = 1.
G99-TS360-LOG: Test[0]-[2]: task0: check errno == ENOENT.
G99-TS360-LOG: Test[0]-[2]: result = 1.
G99-TS360-LOG2: task0 is to change its own priority to LOW, should be preempted. 
G99-TS360-LOG2: TID = 2, task2: entering
G99-TS360-LOG: Test[0]-[3]: task2: creating a mailbox of size 32 Bytes.
G99-TS360-LOG: Test[0]-[3]: result = 1.
G99-TS360-LOG: Test[0]-[4]: task2: creating a mailbox of size 32 Bytes again.
G99-TS360-LOG: Test[0]-[4]: result = 1.
G99-TS360-LOG: Test[0]-[5]: task2: checking errno == EEXIST.
G99-TS360-LOG: Test[0]-[5]: result = 1.
G99-TS360-LOG2: task2 is to change task0's priority to HIGH, should be preempted. 
G99-TS360-LOG2: task0: send_msg to tid(2), len = 38
G99-TS360-LOG: Test[0]-[6]: task0: send_msg to tid(2), len = 38.
G99-TS360-LOG: Test[0]-[6]: result = 1.
G99-TS360-LOG: Test[0]-[7]: task0: checking errno == EMSGSIZE.
G99-TS360-LOG: Test[0]-[7]: result = 1.
G99-TS360-LOG: Test[0]-[8]: task0: creating a mailbox of size 32768 Bytes.
G99-TS360-LOG: Test[0]-[8]: result = 1.
G99-TS360-LOG: Test[0]-[9]: task0: checking errno == ENOMEM.
G99-TS360-LOG: Test[0]-[9]: result = 1.
G99-TS360-LOG2: TID = 1, task0: calling tsk_yield()
G99-TS360-LOG: real exec order: 1 -> 2 -> 1 -> 1 -> NIL
G99-TS360-LOG: expt exec order: 1 -> 2 -> 1 -> 1 -> NIL
G99-TS360-LOG: Test[1]-[0]: checking execution shortfalls.
G99-TS360-LOG: Test[1]-[0]: result = 1.
G99-TS360-LOG: Test[1]-[1]: checking unexpected execution once.
G99-TS360-LOG: Test[1]-[1]: result = 1.
G99-TS360-LOG: Test[1]-[2]: checking unexpected execution twice.
G99-TS360-LOG: Test[1]-[2]: result = 1.
G99-TS360-LOG: Test[1]-[3]: checking correct number of executions.
G99-TS360-LOG: Test[1]-[3]: result = 1.
G99-TS360-LOG: Test[1]-[4]: checking execution sequence @ 0.
G99-TS360-LOG: Test[1]-[4]: result = 1.
G99-TS360-LOG: Test[1]-[5]: checking execution sequence @ 1.
G99-TS360-LOG: Test[1]-[5]: result = 1.
G99-TS360-LOG: Test[1]-[6]: checking execution sequence @ 2.
G99-TS360-LOG: Test[1]-[6]: result = 1.
G99-TS360-LOG: Test[1]-[7]: checking execution sequence @ 3.
G99-TS360-LOG: Test[1]-[7]: result = 1.
G99-TS360: FINISHED
G99-TS360-LOG: Test 0: 10/10 PASSED. Expected = 0x3FF, result = 0x3FF
G99-TS360-LOG: Test 1: 8/8 PASSED. Expected = 0xFF, result = 0xFF
G99-TS360: 2/2 test function(s) COMPLETED.
G99-TS360: 18/18 tests PASSED.
G99-TS360: 0/18 tests FAILED.
G99-TS360: END
