  
*** Using Compiler 'V5.06 update 7 (build 960)', folder: 'C:\Software\Keil_v5\ARM\ARMCC\Bin'
*** Note: Rebuilding project, since 'Options->Output->Create Batch File' is selected.
Rebuild Project 'ae-lib' - Target 'AE Lib SIM'
compiling ae.c...
compiling ae_tasks_util.c...
compiling ae_timer.c...
compiling ae_util.c...
compiling main.c...
compiling ae_tasks.c...
creating Library...
Warning: L6875W: Adding non-ELF object 'G99-TS100.log' to archive '.\Objects\SIM\ae-lib-sim.lib'
".\Objects\SIM\ae-lib-sim.lib" - 0 Error(s), 0 Warning(s).
Build Time Elapsed:  00:00:03
  
*** Using Compiler 'V5.06 update 7 (build 960)', folder: 'C:\Software\Keil_v5\ARM\ARMCC\Bin'
*** Note: Rebuilding project, since 'Options->Output->Create Batch File' is selected.
Rebuild Project 'ae-lib' - Target 'AE Lib RAM'
compiling ae.c...
compiling ae_tasks_util.c...
compiling ae_timer.c...
compiling ae_util.c...
compiling main.c...
compiling ae_tasks.c...
creating Library...
Warning: L6875W: Adding non-ELF object 'G99-TS100.log' to archive '.\Objects\RAM\ae-lib-ram.lib'
".\Objects\RAM\ae-lib-ram.lib" - 0 Error(s), 0 Warning(s).
Build Time Elapsed:  00:00:02
  
*** Using Compiler 'V5.06 update 7 (build 960)', folder: 'C:\Software\Keil_v5\ARM\ARMCC\Bin'
Build Project 'rtx-app' - Target 'RTX App SIM'
compiling uart_polling.c...
compiling timer.c...
compiling HAL.c...
compiling uart_irq.c...
compiling k_mem.c...
compiling k_msg.c...
compiling k_rtx_init.c...
compiling k_task.c...
compiling bit_array.c...
compiling helper.c...
compiling free_list.c...
compiling printf.c...
compiling cdisp_task.c...
compiling kcd_task.c...
compiling tester.c...
compiling wall_clock_task.c...
assembling startup_LPC17xx.s...
compiling null_task.c...
compiling system_LPC17xx.c...
linking...
Program Size: Code=7344 RO-data=236 RW-data=68 ZI-data=13348  
".\Objects\SIM\rtx-app-sim.axf" - 0 Error(s), 0 Warning(s).
Build Time Elapsed:  00:00:03
  
*** Using Compiler 'V5.06 update 7 (build 960)', folder: 'C:\Software\Keil_v5\ARM\ARMCC\Bin'
Build Project 'rtx-app' - Target 'RTX App RAM'
compiling uart_polling.c...
compiling timer.c...
compiling uart_irq.c...
compiling HAL.c...
compiling k_mem.c...
compiling k_msg.c...
compiling k_rtx_init.c...
compiling k_task.c...
compiling bit_array.c...
compiling free_list.c...
compiling helper.c...
compiling printf.c...
compiling cdisp_task.c...
compiling kcd_task.c...
compiling tester.c...
compiling wall_clock_task.c...
assembling startup_LPC17xx.s...
compiling null_task.c...
compiling system_LPC17xx.c...
linking...
Program Size: Code=7344 RO-data=236 RW-data=68 ZI-data=13348  
".\Objects\RAM\rtx-app-ram.axf" - 0 Error(s), 0 Warning(s).
Build Time Elapsed:  00:00:02
  
Batch-Build summary: 4 succeeded, 0 failed, 0 skipped - Time Elapsed: 00:00:10
